<?xml version="1.0" encoding="UTF-8"?>
<testsuite name="com.example.springdatajpa.Repository.SpringDataJpaApplicationTests" tests="3" skipped="0" failures="0" errors="0" timestamp="2024-06-10T04:00:42" hostname="DESKTOP-SC7D1KT" time="0.684">
  <properties/>
  <testcase name="givenCustomerDatabase_whenfindByID_thenReturnCustomer()" classname="com.example.springdatajpa.Repository.SpringDataJpaApplicationTests" time="0.646"/>
  <testcase name="givenCustomerDatabase_whenfindAll_thenReturnCustomers()" classname="com.example.springdatajpa.Repository.SpringDataJpaApplicationTests" time="0.011"/>
  <testcase name="givenCustomerDatabase_whendeleted_thenDoNotReturnCustomer()" classname="com.example.springdatajpa.Repository.SpringDataJpaApplicationTests" time="0.023"/>
  <system-out><![CDATA[00:00:36.334 [Test worker] INFO org.springframework.test.context.support.AnnotationConfigContextLoaderUtils -- Could not detect default configuration classes for test class [com.example.springdatajpa.Repository.SpringDataJpaApplicationTests]: SpringDataJpaApplicationTests does not declare any static, non-private, non-final, nested classes annotated with @Configuration.
00:00:36.485 [Test worker] INFO org.springframework.boot.test.context.SpringBootTestContextBootstrapper -- Found @SpringBootConfiguration com.example.springdatajpa.SpringDataJpaApplication for test class com.example.springdatajpa.Repository.SpringDataJpaApplicationTests
  .   ____          _            __ _ _
 /\\ / ___'_ __ _ _(_)_ __  __ _ \ \ \ \
( ( )\___ | '_ | '_| | '_ \/ _` | \ \ \ \
 \\/  ___)| |_)| | | | | || (_| |  ) ) ) )
  '  |____| .__|_| |_|_| |_\__, | / / / /
 =========|_|==============|___/=/_/_/_/

 :: Spring Boot ::                (v3.3.0)

2024-06-10T00:00:37.050-04:00  INFO 8852 --- [SpringDataJPA] [    Test worker] c.e.s.R.SpringDataJpaApplicationTests    : Starting SpringDataJpaApplicationTests using Java 17.0.11 with PID 8852 (started by subbi in C:\repos\practice\SpringDataJPA)
2024-06-10T00:00:37.052-04:00  INFO 8852 --- [SpringDataJPA] [    Test worker] c.e.s.R.SpringDataJpaApplicationTests    : No active profile set, falling back to 1 default profile: "default"
2024-06-10T00:00:37.884-04:00  INFO 8852 --- [SpringDataJPA] [    Test worker] .s.d.r.c.RepositoryConfigurationDelegate : Bootstrapping Spring Data JPA repositories in DEFAULT mode.
2024-06-10T00:00:37.963-04:00  INFO 8852 --- [SpringDataJPA] [    Test worker] .s.d.r.c.RepositoryConfigurationDelegate : Finished Spring Data repository scanning in 64 ms. Found 1 JPA repository interface.
2024-06-10T00:00:38.542-04:00  INFO 8852 --- [SpringDataJPA] [    Test worker] o.hibernate.jpa.internal.util.LogHelper  : HHH000204: Processing PersistenceUnitInfo [name: default]
2024-06-10T00:00:38.651-04:00  INFO 8852 --- [SpringDataJPA] [    Test worker] org.hibernate.Version                    : HHH000412: Hibernate ORM core version 6.5.2.Final
2024-06-10T00:00:38.712-04:00  INFO 8852 --- [SpringDataJPA] [    Test worker] o.h.c.internal.RegionFactoryInitiator    : HHH000026: Second-level cache disabled
2024-06-10T00:00:39.184-04:00  INFO 8852 --- [SpringDataJPA] [    Test worker] o.s.o.j.p.SpringPersistenceUnitInfo      : No LoadTimeWeaver setup: ignoring JPA class transformer
2024-06-10T00:00:39.242-04:00  INFO 8852 --- [SpringDataJPA] [    Test worker] com.zaxxer.hikari.HikariDataSource       : HikariPool-1 - Starting...
2024-06-10T00:00:39.603-04:00  INFO 8852 --- [SpringDataJPA] [    Test worker] com.zaxxer.hikari.pool.HikariPool        : HikariPool-1 - Added connection com.mysql.cj.jdbc.ConnectionImpl@70ee9d31
2024-06-10T00:00:39.606-04:00  INFO 8852 --- [SpringDataJPA] [    Test worker] com.zaxxer.hikari.HikariDataSource       : HikariPool-1 - Start completed.
2024-06-10T00:00:40.826-04:00  INFO 8852 --- [SpringDataJPA] [    Test worker] o.h.e.t.j.p.i.JtaPlatformInitiator       : HHH000489: No JTA platform available (set 'hibernate.transaction.jta.platform' to enable JTA platform integration)
2024-06-10T00:00:40.880-04:00  INFO 8852 --- [SpringDataJPA] [    Test worker] j.LocalContainerEntityManagerFactoryBean : Initialized JPA EntityManagerFactory for persistence unit 'default'
Hibernate: select c1_0.id,c1_0.first_name,c1_0.last_name from customer c1_0
Hibernate: delete from customer where id=?
2024-06-10T00:00:41.696-04:00  WARN 8852 --- [SpringDataJPA] [    Test worker] JpaBaseConfiguration$JpaWebConfiguration : spring.jpa.open-in-view is enabled by default. Therefore, database queries may be performed during view rendering. Explicitly configure spring.jpa.open-in-view to disable this warning
2024-06-10T00:00:42.199-04:00  INFO 8852 --- [SpringDataJPA] [    Test worker] c.e.s.R.SpringDataJpaApplicationTests    : Started SpringDataJpaApplicationTests in 5.482 seconds (process running for 7.038)
Hibernate: insert into customer (first_name,last_name) values (?,?)
Hibernate: select c1_0.id,c1_0.first_name,c1_0.last_name from customer c1_0
Hibernate: select c1_0.id,c1_0.first_name,c1_0.last_name from customer c1_0 where c1_0.id=?
Hibernate: select c1_0.id,c1_0.first_name,c1_0.last_name from customer c1_0
Hibernate: select c1_0.id,c1_0.first_name,c1_0.last_name from customer c1_0
Hibernate: select c1_0.id,c1_0.first_name,c1_0.last_name from customer c1_0 where c1_0.id=?
Hibernate: delete from customer where id=?
Hibernate: select c1_0.id,c1_0.first_name,c1_0.last_name from customer c1_0 where c1_0.id=?
]]></system-out>
  <system-err><![CDATA[]]></system-err>
</testsuite>
